2025-08-16T08:49:15.903+05:30  INFO 25448 --- [salary-service] [main] [                                                 ] com.wipro.knr.SalaryServiceApplication   : Starting SalaryServiceApplication using Java 21.0.7 with PID 25448 (C:\Users\91798\OneDrive\Documents\Wipro_Training\Employee_Management\salary-service\target\classes started by 91798 in C:\Users\91798\OneDrive\Documents\Wipro_Training\Employee_Management\salary-service)
2025-08-16T08:49:15.915+05:30  INFO 25448 --- [salary-service] [main] [                                                 ] com.wipro.knr.SalaryServiceApplication   : No active profile set, falling back to 1 default profile: "default"
2025-08-16T08:49:17.649+05:30  INFO 25448 --- [salary-service] [main] [                                                 ] .s.d.r.c.RepositoryConfigurationDelegate : Bootstrapping Spring Data JPA repositories in DEFAULT mode.
2025-08-16T08:49:17.870+05:30  INFO 25448 --- [salary-service] [main] [                                                 ] .s.d.r.c.RepositoryConfigurationDelegate : Finished Spring Data repository scanning in 207 ms. Found 1 JPA repository interface.
2025-08-16T08:49:18.317+05:30  INFO 25448 --- [salary-service] [main] [                                                 ] o.s.cloud.context.scope.GenericScope     : BeanFactory id=eaa97e46-44c6-39d6-ab3a-e98147516c72
2025-08-16T08:49:19.383+05:30  INFO 25448 --- [salary-service] [main] [                                                 ] o.s.b.w.embedded.tomcat.TomcatWebServer  : Tomcat initialized with port 8086 (http)
2025-08-16T08:49:19.403+05:30  INFO 25448 --- [salary-service] [main] [                                                 ] o.apache.catalina.core.StandardService   : Starting service [Tomcat]
2025-08-16T08:49:19.403+05:30  INFO 25448 --- [salary-service] [main] [                                                 ] o.apache.catalina.core.StandardEngine    : Starting Servlet engine: [Apache Tomcat/10.1.43]
2025-08-16T08:49:19.516+05:30  INFO 25448 --- [salary-service] [main] [                                                 ] o.a.c.c.C.[Tomcat].[localhost].[/]       : Initializing Spring embedded WebApplicationContext
2025-08-16T08:49:19.517+05:30  INFO 25448 --- [salary-service] [main] [                                                 ] w.s.c.ServletWebServerApplicationContext : Root WebApplicationContext: initialization completed in 3516 ms
2025-08-16T08:49:20.742+05:30  INFO 25448 --- [salary-service] [main] [                                                 ] o.hibernate.jpa.internal.util.LogHelper  : HHH000204: Processing PersistenceUnitInfo [name: default]
2025-08-16T08:49:20.823+05:30  INFO 25448 --- [salary-service] [main] [                                                 ] org.hibernate.Version                    : HHH000412: Hibernate ORM core version 6.6.22.Final
2025-08-16T08:49:20.874+05:30  INFO 25448 --- [salary-service] [main] [                                                 ] o.h.c.internal.RegionFactoryInitiator    : HHH000026: Second-level cache disabled
2025-08-16T08:49:21.289+05:30  INFO 25448 --- [salary-service] [main] [                                                 ] o.s.o.j.p.SpringPersistenceUnitInfo      : No LoadTimeWeaver setup: ignoring JPA class transformer
2025-08-16T08:49:21.335+05:30  INFO 25448 --- [salary-service] [main] [                                                 ] com.zaxxer.hikari.HikariDataSource       : HikariPool-1 - Starting...
2025-08-16T08:49:21.722+05:30  INFO 25448 --- [salary-service] [main] [                                                 ] com.zaxxer.hikari.pool.HikariPool        : HikariPool-1 - Added connection com.mysql.cj.jdbc.ConnectionImpl@3feb93a
2025-08-16T08:49:21.725+05:30  INFO 25448 --- [salary-service] [main] [                                                 ] com.zaxxer.hikari.HikariDataSource       : HikariPool-1 - Start completed.
2025-08-16T08:49:21.802+05:30  WARN 25448 --- [salary-service] [main] [                                                 ] org.hibernate.orm.deprecation            : HHH90000025: MySQLDialect does not need to be specified explicitly using 'hibernate.dialect' (remove the property setting and it will be selected by default)
2025-08-16T08:49:21.828+05:30  INFO 25448 --- [salary-service] [main] [                                                 ] org.hibernate.orm.connections.pooling    : HHH10001005: Database info:
	Database JDBC URL [Connecting through datasource 'HikariDataSource (HikariPool-1)']
	Database driver: undefined/unknown
	Database version: 8.0.42
	Autocommit mode: undefined/unknown
	Isolation level: undefined/unknown
	Minimum pool size: undefined/unknown
	Maximum pool size: undefined/unknown
2025-08-16T08:49:22.990+05:30  INFO 25448 --- [salary-service] [main] [                                                 ] o.h.e.t.j.p.i.JtaPlatformInitiator       : HHH000489: No JTA platform available (set 'hibernate.transaction.jta.platform' to enable JTA platform integration)
2025-08-16T08:49:23.073+05:30  INFO 25448 --- [salary-service] [main] [                                                 ] j.LocalContainerEntityManagerFactoryBean : Initialized JPA EntityManagerFactory for persistence unit 'default'
2025-08-16T08:49:23.725+05:30  WARN 25448 --- [salary-service] [main] [                                                 ] JpaBaseConfiguration$JpaWebConfiguration : spring.jpa.open-in-view is enabled by default. Therefore, database queries may be performed during view rendering. Explicitly configure spring.jpa.open-in-view to disable this warning
2025-08-16T08:49:24.008+05:30  INFO 25448 --- [salary-service] [main] [                                                 ] o.s.c.openfeign.FeignClientFactoryBean   : For 'employee-service' URL not provided. Will try picking an instance via load-balancing.
2025-08-16T08:49:26.899+05:30  INFO 25448 --- [salary-service] [main] [                                                 ] DiscoveryClientOptionalArgsConfiguration : Eureka HTTP Client uses RestTemplate.
2025-08-16T08:49:27.008+05:30  WARN 25448 --- [salary-service] [main] [                                                 ] iguration$LoadBalancerCaffeineWarnLogger : Spring Cloud LoadBalancer is currently working with the default cache. While this cache implementation is useful for development and tests, it's recommended to use Caffeine cache in production.You can switch to using Caffeine cache, by adding it and org.springframework.cache.caffeine.CaffeineCacheManager to the classpath.
2025-08-16T08:49:27.058+05:30  INFO 25448 --- [salary-service] [main] [                                                 ] o.s.b.a.e.web.EndpointLinksResolver      : Exposing 3 endpoints beneath base path '/actuator'
2025-08-16T08:49:27.262+05:30  INFO 25448 --- [salary-service] [main] [                                                 ] o.s.c.n.eureka.InstanceInfoFactory       : Setting initial instance status as: STARTING
2025-08-16T08:49:27.322+05:30  INFO 25448 --- [salary-service] [main] [                                                 ] com.netflix.discovery.DiscoveryClient    : Initializing Eureka in region us-east-1
2025-08-16T08:49:27.331+05:30  INFO 25448 --- [salary-service] [main] [                                                 ] c.n.d.s.r.aws.ConfigClusterResolver      : Resolving eureka endpoints via configuration
2025-08-16T08:49:27.353+05:30  INFO 25448 --- [salary-service] [main] [                                                 ] com.netflix.discovery.DiscoveryClient    : Disable delta property : false
2025-08-16T08:49:27.353+05:30  INFO 25448 --- [salary-service] [main] [                                                 ] com.netflix.discovery.DiscoveryClient    : Single vip registry refresh property : null
2025-08-16T08:49:27.354+05:30  INFO 25448 --- [salary-service] [main] [                                                 ] com.netflix.discovery.DiscoveryClient    : Force full registry fetch : false
2025-08-16T08:49:27.354+05:30  INFO 25448 --- [salary-service] [main] [                                                 ] com.netflix.discovery.DiscoveryClient    : Application is null : false
2025-08-16T08:49:27.354+05:30  INFO 25448 --- [salary-service] [main] [                                                 ] com.netflix.discovery.DiscoveryClient    : Registered Applications size is zero : true
2025-08-16T08:49:27.354+05:30  INFO 25448 --- [salary-service] [main] [                                                 ] com.netflix.discovery.DiscoveryClient    : Application version is -1: true
2025-08-16T08:49:27.354+05:30  INFO 25448 --- [salary-service] [main] [                                                 ] com.netflix.discovery.DiscoveryClient    : Getting all instance registry info from the eureka server
2025-08-16T08:49:28.005+05:30  INFO 25448 --- [salary-service] [main] [                                                 ] com.netflix.discovery.DiscoveryClient    : The response status is 200
2025-08-16T08:49:28.008+05:30  INFO 25448 --- [salary-service] [main] [                                                 ] com.netflix.discovery.DiscoveryClient    : Starting heartbeat executor: renew interval is: 30
2025-08-16T08:49:28.013+05:30  INFO 25448 --- [salary-service] [main] [                                                 ] c.n.discovery.InstanceInfoReplicator     : InstanceInfoReplicator onDemand update allowed rate per min is 4
2025-08-16T08:49:28.016+05:30  INFO 25448 --- [salary-service] [main] [                                                 ] com.netflix.discovery.DiscoveryClient    : Discovery Client initialized at timestamp 1755314368015 with initial instances count: 3
2025-08-16T08:49:28.052+05:30  INFO 25448 --- [salary-service] [main] [                                                 ] o.s.c.n.e.s.EurekaServiceRegistry        : Registering application SALARY-SERVICE with eureka with status UP
2025-08-16T08:49:28.054+05:30  INFO 25448 --- [salary-service] [main] [                                                 ] com.netflix.discovery.DiscoveryClient    : Saw local status change event StatusChangeEvent [timestamp=1755314368054, current=UP, previous=STARTING]
2025-08-16T08:49:28.057+05:30  INFO 25448 --- [salary-service] [DiscoveryClient-InstanceInfoReplicator-%d] [                                                 ] com.netflix.discovery.DiscoveryClient    : DiscoveryClient_SALARY-SERVICE/KNRROHIT:salary-service:8086: registering service...
2025-08-16T08:49:28.077+05:30  INFO 25448 --- [salary-service] [main] [                                                 ] o.s.b.w.embedded.tomcat.TomcatWebServer  : Tomcat started on port 8086 (http) with context path '/'
2025-08-16T08:49:28.079+05:30  INFO 25448 --- [salary-service] [main] [                                                 ] .s.c.n.e.s.EurekaAutoServiceRegistration : Updating port to 8086
2025-08-16T08:49:28.121+05:30  INFO 25448 --- [salary-service] [main] [                                                 ] com.wipro.knr.SalaryServiceApplication   : Started SalaryServiceApplication in 12.91 seconds (process running for 14.139)
2025-08-16T08:49:28.146+05:30  INFO 25448 --- [salary-service] [DiscoveryClient-InstanceInfoReplicator-%d] [                                                 ] com.netflix.discovery.DiscoveryClient    : DiscoveryClient_SALARY-SERVICE/KNRROHIT:salary-service:8086 - registration status: 204
2025-08-16T08:49:28.399+05:30  INFO 25448 --- [salary-service] [RMI TCP Connection(4)-127.0.0.1] [                                                 ] o.a.c.c.C.[Tomcat].[localhost].[/]       : Initializing Spring DispatcherServlet 'dispatcherServlet'
2025-08-16T08:49:28.400+05:30  INFO 25448 --- [salary-service] [RMI TCP Connection(4)-127.0.0.1] [                                                 ] o.s.web.servlet.DispatcherServlet        : Initializing Servlet 'dispatcherServlet'
2025-08-16T08:49:28.407+05:30  INFO 25448 --- [salary-service] [RMI TCP Connection(4)-127.0.0.1] [                                                 ] o.s.web.servlet.DispatcherServlet        : Completed initialization in 6 ms
2025-08-16T08:54:27.359+05:30  INFO 25448 --- [salary-service] [AsyncResolver-bootstrap-executor-%d] [                                                 ] c.n.d.s.r.aws.ConfigClusterResolver      : Resolving eureka endpoints via configuration
2025-08-16T08:59:27.374+05:30  INFO 25448 --- [salary-service] [AsyncResolver-bootstrap-executor-%d] [                                                 ] c.n.d.s.r.aws.ConfigClusterResolver      : Resolving eureka endpoints via configuration
2025-08-16T09:04:27.387+05:30  INFO 25448 --- [salary-service] [AsyncResolver-bootstrap-executor-%d] [                                                 ] c.n.d.s.r.aws.ConfigClusterResolver      : Resolving eureka endpoints via configuration
2025-08-16T09:09:27.393+05:30  INFO 25448 --- [salary-service] [AsyncResolver-bootstrap-executor-%d] [                                                 ] c.n.d.s.r.aws.ConfigClusterResolver      : Resolving eureka endpoints via configuration
2025-08-16T09:14:27.402+05:30  INFO 25448 --- [salary-service] [AsyncResolver-bootstrap-executor-%d] [                                                 ] c.n.d.s.r.aws.ConfigClusterResolver      : Resolving eureka endpoints via configuration
2025-08-16T09:19:27.406+05:30  INFO 25448 --- [salary-service] [AsyncResolver-bootstrap-executor-%d] [                                                 ] c.n.d.s.r.aws.ConfigClusterResolver      : Resolving eureka endpoints via configuration
2025-08-16T09:24:27.407+05:30  INFO 25448 --- [salary-service] [AsyncResolver-bootstrap-executor-%d] [                                                 ] c.n.d.s.r.aws.ConfigClusterResolver      : Resolving eureka endpoints via configuration
2025-08-16T09:29:27.415+05:30  INFO 25448 --- [salary-service] [AsyncResolver-bootstrap-executor-%d] [                                                 ] c.n.d.s.r.aws.ConfigClusterResolver      : Resolving eureka endpoints via configuration
2025-08-16T09:30:33.088+05:30  INFO 25448 --- [salary-service] [RMI TCP Connection(47)-127.0.0.1] [                                                 ] inMXBeanRegistrar$SpringApplicationAdmin : Application shutdown requested.
2025-08-16T09:30:33.139+05:30  INFO 25448 --- [salary-service] [RMI TCP Connection(47)-127.0.0.1] [                                                 ] o.s.c.n.e.s.EurekaServiceRegistry        : Unregistering application SALARY-SERVICE with eureka with status DOWN
2025-08-16T09:30:33.141+05:30  INFO 25448 --- [salary-service] [RMI TCP Connection(47)-127.0.0.1] [                                                 ] com.netflix.discovery.DiscoveryClient    : Saw local status change event StatusChangeEvent [timestamp=1755316833141, current=DOWN, previous=UP]
2025-08-16T09:30:33.142+05:30  INFO 25448 --- [salary-service] [DiscoveryClient-InstanceInfoReplicator-%d] [                                                 ] com.netflix.discovery.DiscoveryClient    : DiscoveryClient_SALARY-SERVICE/KNRROHIT:salary-service:8086: registering service...
2025-08-16T09:30:33.177+05:30  INFO 25448 --- [salary-service] [DiscoveryClient-InstanceInfoReplicator-%d] [                                                 ] com.netflix.discovery.DiscoveryClient    : DiscoveryClient_SALARY-SERVICE/KNRROHIT:salary-service:8086 - registration status: 204
2025-08-16T09:30:33.242+05:30  INFO 25448 --- [salary-service] [RMI TCP Connection(47)-127.0.0.1] [                                                 ] o.s.b.w.e.tomcat.GracefulShutdown        : Commencing graceful shutdown. Waiting for active requests to complete
2025-08-16T09:30:33.269+05:30  INFO 25448 --- [salary-service] [tomcat-shutdown] [                                                 ] o.s.b.w.e.tomcat.GracefulShutdown        : Graceful shutdown complete
2025-08-16T09:30:33.368+05:30  INFO 25448 --- [salary-service] [RMI TCP Connection(47)-127.0.0.1] [                                                 ] j.LocalContainerEntityManagerFactoryBean : Closing JPA EntityManagerFactory for persistence unit 'default'
2025-08-16T09:30:33.439+05:30  INFO 25448 --- [salary-service] [RMI TCP Connection(47)-127.0.0.1] [                                                 ] com.zaxxer.hikari.HikariDataSource       : HikariPool-1 - Shutdown initiated...
