2025-08-16T08:48:35.996+05:30  INFO 15616 --- [departments-service] [main] [                                                 ] c.w.knr.DepartmentsServiceApplication    : Starting DepartmentsServiceApplication using Java 21.0.7 with PID 15616 (C:\Users\91798\OneDrive\Documents\Wipro_Training\Employee_Management\departments-service\target\classes started by 91798 in C:\Users\91798\OneDrive\Documents\Wipro_Training\Employee_Management\departments-service)
2025-08-16T08:48:36.006+05:30  INFO 15616 --- [departments-service] [main] [                                                 ] c.w.knr.DepartmentsServiceApplication    : No active profile set, falling back to 1 default profile: "default"
2025-08-16T08:48:37.783+05:30  INFO 15616 --- [departments-service] [main] [                                                 ] .s.d.r.c.RepositoryConfigurationDelegate : Bootstrapping Spring Data JPA repositories in DEFAULT mode.
2025-08-16T08:48:38.042+05:30  INFO 15616 --- [departments-service] [main] [                                                 ] .s.d.r.c.RepositoryConfigurationDelegate : Finished Spring Data repository scanning in 244 ms. Found 1 JPA repository interface.
2025-08-16T08:48:38.567+05:30  INFO 15616 --- [departments-service] [main] [                                                 ] o.s.cloud.context.scope.GenericScope     : BeanFactory id=6bc54f0c-828d-3817-ac09-f4de538a1ede
2025-08-16T08:48:39.654+05:30  INFO 15616 --- [departments-service] [main] [                                                 ] o.s.b.w.embedded.tomcat.TomcatWebServer  : Tomcat initialized with port 8083 (http)
2025-08-16T08:48:39.675+05:30  INFO 15616 --- [departments-service] [main] [                                                 ] o.apache.catalina.core.StandardService   : Starting service [Tomcat]
2025-08-16T08:48:39.676+05:30  INFO 15616 --- [departments-service] [main] [                                                 ] o.apache.catalina.core.StandardEngine    : Starting Servlet engine: [Apache Tomcat/10.1.43]
2025-08-16T08:48:39.789+05:30  INFO 15616 --- [departments-service] [main] [                                                 ] o.a.c.c.C.[Tomcat].[localhost].[/]       : Initializing Spring embedded WebApplicationContext
2025-08-16T08:48:39.789+05:30  INFO 15616 --- [departments-service] [main] [                                                 ] w.s.c.ServletWebServerApplicationContext : Root WebApplicationContext: initialization completed in 3717 ms
2025-08-16T08:48:41.078+05:30  INFO 15616 --- [departments-service] [main] [                                                 ] o.hibernate.jpa.internal.util.LogHelper  : HHH000204: Processing PersistenceUnitInfo [name: default]
2025-08-16T08:48:41.161+05:30  INFO 15616 --- [departments-service] [main] [                                                 ] org.hibernate.Version                    : HHH000412: Hibernate ORM core version 6.6.22.Final
2025-08-16T08:48:41.212+05:30  INFO 15616 --- [departments-service] [main] [                                                 ] o.h.c.internal.RegionFactoryInitiator    : HHH000026: Second-level cache disabled
2025-08-16T08:48:41.636+05:30  INFO 15616 --- [departments-service] [main] [                                                 ] o.s.o.j.p.SpringPersistenceUnitInfo      : No LoadTimeWeaver setup: ignoring JPA class transformer
2025-08-16T08:48:41.682+05:30  INFO 15616 --- [departments-service] [main] [                                                 ] com.zaxxer.hikari.HikariDataSource       : HikariPool-1 - Starting...
2025-08-16T08:48:42.086+05:30  INFO 15616 --- [departments-service] [main] [                                                 ] com.zaxxer.hikari.pool.HikariPool        : HikariPool-1 - Added connection com.mysql.cj.jdbc.ConnectionImpl@65dafe50
2025-08-16T08:48:42.090+05:30  INFO 15616 --- [departments-service] [main] [                                                 ] com.zaxxer.hikari.HikariDataSource       : HikariPool-1 - Start completed.
2025-08-16T08:48:42.169+05:30  WARN 15616 --- [departments-service] [main] [                                                 ] org.hibernate.orm.deprecation            : HHH90000025: MySQLDialect does not need to be specified explicitly using 'hibernate.dialect' (remove the property setting and it will be selected by default)
2025-08-16T08:48:42.196+05:30  INFO 15616 --- [departments-service] [main] [                                                 ] org.hibernate.orm.connections.pooling    : HHH10001005: Database info:
	Database JDBC URL [Connecting through datasource 'HikariDataSource (HikariPool-1)']
	Database driver: undefined/unknown
	Database version: 8.0.42
	Autocommit mode: undefined/unknown
	Isolation level: undefined/unknown
	Minimum pool size: undefined/unknown
	Maximum pool size: undefined/unknown
2025-08-16T08:48:43.314+05:30  INFO 15616 --- [departments-service] [main] [                                                 ] o.h.e.t.j.p.i.JtaPlatformInitiator       : HHH000489: No JTA platform available (set 'hibernate.transaction.jta.platform' to enable JTA platform integration)
2025-08-16T08:48:43.395+05:30  INFO 15616 --- [departments-service] [main] [                                                 ] j.LocalContainerEntityManagerFactoryBean : Initialized JPA EntityManagerFactory for persistence unit 'default'
2025-08-16T08:48:44.013+05:30  WARN 15616 --- [departments-service] [main] [                                                 ] JpaBaseConfiguration$JpaWebConfiguration : spring.jpa.open-in-view is enabled by default. Therefore, database queries may be performed during view rendering. Explicitly configure spring.jpa.open-in-view to disable this warning
2025-08-16T08:48:44.280+05:30  INFO 15616 --- [departments-service] [main] [                                                 ] o.s.c.openfeign.FeignClientFactoryBean   : For 'employee-service' URL not provided. Will try picking an instance via load-balancing.
2025-08-16T08:48:44.402+05:30  INFO 15616 --- [departments-service] [main] [                                                 ] o.s.c.openfeign.FeignClientFactoryBean   : For 'projects-service' URL not provided. Will try picking an instance via load-balancing.
2025-08-16T08:48:47.041+05:30  INFO 15616 --- [departments-service] [main] [                                                 ] DiscoveryClientOptionalArgsConfiguration : Eureka HTTP Client uses RestTemplate.
2025-08-16T08:48:47.182+05:30  WARN 15616 --- [departments-service] [main] [                                                 ] iguration$LoadBalancerCaffeineWarnLogger : Spring Cloud LoadBalancer is currently working with the default cache. While this cache implementation is useful for development and tests, it's recommended to use Caffeine cache in production.You can switch to using Caffeine cache, by adding it and org.springframework.cache.caffeine.CaffeineCacheManager to the classpath.
2025-08-16T08:48:47.234+05:30  INFO 15616 --- [departments-service] [main] [                                                 ] o.s.b.a.e.web.EndpointLinksResolver      : Exposing 3 endpoints beneath base path '/actuator'
2025-08-16T08:48:47.484+05:30  INFO 15616 --- [departments-service] [main] [                                                 ] o.s.c.n.eureka.InstanceInfoFactory       : Setting initial instance status as: STARTING
2025-08-16T08:48:47.528+05:30  INFO 15616 --- [departments-service] [main] [                                                 ] com.netflix.discovery.DiscoveryClient    : Initializing Eureka in region us-east-1
2025-08-16T08:48:47.535+05:30  INFO 15616 --- [departments-service] [main] [                                                 ] c.n.d.s.r.aws.ConfigClusterResolver      : Resolving eureka endpoints via configuration
2025-08-16T08:48:47.552+05:30  INFO 15616 --- [departments-service] [main] [                                                 ] com.netflix.discovery.DiscoveryClient    : Disable delta property : false
2025-08-16T08:48:47.554+05:30  INFO 15616 --- [departments-service] [main] [                                                 ] com.netflix.discovery.DiscoveryClient    : Single vip registry refresh property : null
2025-08-16T08:48:47.554+05:30  INFO 15616 --- [departments-service] [main] [                                                 ] com.netflix.discovery.DiscoveryClient    : Force full registry fetch : false
2025-08-16T08:48:47.554+05:30  INFO 15616 --- [departments-service] [main] [                                                 ] com.netflix.discovery.DiscoveryClient    : Application is null : false
2025-08-16T08:48:47.555+05:30  INFO 15616 --- [departments-service] [main] [                                                 ] com.netflix.discovery.DiscoveryClient    : Registered Applications size is zero : true
2025-08-16T08:48:47.555+05:30  INFO 15616 --- [departments-service] [main] [                                                 ] com.netflix.discovery.DiscoveryClient    : Application version is -1: true
2025-08-16T08:48:47.555+05:30  INFO 15616 --- [departments-service] [main] [                                                 ] com.netflix.discovery.DiscoveryClient    : Getting all instance registry info from the eureka server
2025-08-16T08:48:48.223+05:30  INFO 15616 --- [departments-service] [main] [                                                 ] com.netflix.discovery.DiscoveryClient    : The response status is 200
2025-08-16T08:48:48.226+05:30  INFO 15616 --- [departments-service] [main] [                                                 ] com.netflix.discovery.DiscoveryClient    : Starting heartbeat executor: renew interval is: 30
2025-08-16T08:48:48.231+05:30  INFO 15616 --- [departments-service] [main] [                                                 ] c.n.discovery.InstanceInfoReplicator     : InstanceInfoReplicator onDemand update allowed rate per min is 4
2025-08-16T08:48:48.235+05:30  INFO 15616 --- [departments-service] [main] [                                                 ] com.netflix.discovery.DiscoveryClient    : Discovery Client initialized at timestamp 1755314328233 with initial instances count: 2
2025-08-16T08:48:48.273+05:30  INFO 15616 --- [departments-service] [main] [                                                 ] o.s.c.n.e.s.EurekaServiceRegistry        : Registering application DEPARTMENTS-SERVICE with eureka with status UP
2025-08-16T08:48:48.274+05:30  INFO 15616 --- [departments-service] [main] [                                                 ] com.netflix.discovery.DiscoveryClient    : Saw local status change event StatusChangeEvent [timestamp=1755314328274, current=UP, previous=STARTING]
2025-08-16T08:48:48.278+05:30  INFO 15616 --- [departments-service] [DiscoveryClient-InstanceInfoReplicator-%d] [                                                 ] com.netflix.discovery.DiscoveryClient    : DiscoveryClient_DEPARTMENTS-SERVICE/KNRROHIT:departments-service:8083: registering service...
2025-08-16T08:48:48.302+05:30  INFO 15616 --- [departments-service] [main] [                                                 ] o.s.b.w.embedded.tomcat.TomcatWebServer  : Tomcat started on port 8083 (http) with context path '/'
2025-08-16T08:48:48.304+05:30  INFO 15616 --- [departments-service] [main] [                                                 ] .s.c.n.e.s.EurekaAutoServiceRegistration : Updating port to 8083
2025-08-16T08:48:48.348+05:30  INFO 15616 --- [departments-service] [main] [                                                 ] c.w.knr.DepartmentsServiceApplication    : Started DepartmentsServiceApplication in 13.069 seconds (process running for 14.27)
2025-08-16T08:48:48.371+05:30  INFO 15616 --- [departments-service] [DiscoveryClient-InstanceInfoReplicator-%d] [                                                 ] com.netflix.discovery.DiscoveryClient    : DiscoveryClient_DEPARTMENTS-SERVICE/KNRROHIT:departments-service:8083 - registration status: 204
2025-08-16T08:48:48.878+05:30  INFO 15616 --- [departments-service] [RMI TCP Connection(4)-127.0.0.1] [                                                 ] o.a.c.c.C.[Tomcat].[localhost].[/]       : Initializing Spring DispatcherServlet 'dispatcherServlet'
2025-08-16T08:48:48.878+05:30  INFO 15616 --- [departments-service] [RMI TCP Connection(4)-127.0.0.1] [                                                 ] o.s.web.servlet.DispatcherServlet        : Initializing Servlet 'dispatcherServlet'
2025-08-16T08:48:48.881+05:30  INFO 15616 --- [departments-service] [RMI TCP Connection(4)-127.0.0.1] [                                                 ] o.s.web.servlet.DispatcherServlet        : Completed initialization in 3 ms
2025-08-16T08:53:47.565+05:30  INFO 15616 --- [departments-service] [AsyncResolver-bootstrap-executor-%d] [                                                 ] c.n.d.s.r.aws.ConfigClusterResolver      : Resolving eureka endpoints via configuration
2025-08-16T08:58:47.588+05:30  INFO 15616 --- [departments-service] [AsyncResolver-bootstrap-executor-%d] [                                                 ] c.n.d.s.r.aws.ConfigClusterResolver      : Resolving eureka endpoints via configuration
2025-08-16T09:03:47.606+05:30  INFO 15616 --- [departments-service] [AsyncResolver-bootstrap-executor-%d] [                                                 ] c.n.d.s.r.aws.ConfigClusterResolver      : Resolving eureka endpoints via configuration
2025-08-16T09:08:47.637+05:30  INFO 15616 --- [departments-service] [AsyncResolver-bootstrap-executor-%d] [                                                 ] c.n.d.s.r.aws.ConfigClusterResolver      : Resolving eureka endpoints via configuration
2025-08-16T09:13:47.651+05:30  INFO 15616 --- [departments-service] [AsyncResolver-bootstrap-executor-%d] [                                                 ] c.n.d.s.r.aws.ConfigClusterResolver      : Resolving eureka endpoints via configuration
2025-08-16T09:18:47.653+05:30  INFO 15616 --- [departments-service] [AsyncResolver-bootstrap-executor-%d] [                                                 ] c.n.d.s.r.aws.ConfigClusterResolver      : Resolving eureka endpoints via configuration
2025-08-16T09:23:47.655+05:30  INFO 15616 --- [departments-service] [AsyncResolver-bootstrap-executor-%d] [                                                 ] c.n.d.s.r.aws.ConfigClusterResolver      : Resolving eureka endpoints via configuration
2025-08-16T09:25:41.420+05:30  WARN 15616 --- [departments-service] [AsyncReporter{ZipkinHttpClientSender{http://localhost:9411/api/v2/spans}}] [                                                 ] z.r.i.AsyncReporter$BoundedAsyncReporter : Spans were dropped due to exceptions. All subsequent errors will be logged at FINE level.
2025-08-16T09:25:41.420+05:30  WARN 15616 --- [departments-service] [AsyncReporter{ZipkinHttpClientSender{http://localhost:9411/api/v2/spans}}] [                                                 ] z.r.i.AsyncReporter$BoundedAsyncReporter : Dropped 1 spans due to IOException(/127.0.0.1:58767: GOAWAY received)

java.io.IOException: /127.0.0.1:58767: GOAWAY received
	at java.net.http/jdk.internal.net.http.HttpClientImpl.send(HttpClientImpl.java:967) ~[java.net.http:na]
	at java.net.http/jdk.internal.net.http.HttpClientFacade.send(HttpClientFacade.java:133) ~[java.net.http:na]
	at org.springframework.boot.actuate.autoconfigure.tracing.zipkin.ZipkinHttpClientSender.postSpans(ZipkinHttpClientSender.java:60) ~[spring-boot-actuator-autoconfigure-3.5.4.jar:3.5.4]
	at org.springframework.boot.actuate.autoconfigure.tracing.zipkin.HttpSender.postSpans(HttpSender.java:69) ~[spring-boot-actuator-autoconfigure-3.5.4.jar:3.5.4]
	at org.springframework.boot.actuate.autoconfigure.tracing.zipkin.HttpSender.postSpans(HttpSender.java:41) ~[spring-boot-actuator-autoconfigure-3.5.4.jar:3.5.4]
	at zipkin2.reporter.BaseHttpSender.send(BaseHttpSender.java:123) ~[zipkin-reporter-3.5.1.jar:na]
	at zipkin2.reporter.internal.AsyncReporter$BoundedAsyncReporter.flush(AsyncReporter.java:266) ~[zipkin-reporter-3.5.1.jar:na]
	at zipkin2.reporter.internal.AsyncReporter$Flusher.run(AsyncReporter.java:352) ~[zipkin-reporter-3.5.1.jar:na]
	at java.base/java.lang.Thread.run(Thread.java:1583) ~[na:na]
Caused by: java.io.IOException: /127.0.0.1:58767: GOAWAY received
	at java.net.http/jdk.internal.net.http.Http2Connection.handleGoAway(Http2Connection.java:1362) ~[java.net.http:na]
	at java.net.http/jdk.internal.net.http.Http2Connection.handleConnectionFrame(Http2Connection.java:1170) ~[java.net.http:na]
	at java.net.http/jdk.internal.net.http.Http2Connection.processFrame(Http2Connection.java:932) ~[java.net.http:na]
	at java.net.http/jdk.internal.net.http.frame.FramesDecoder.decode(FramesDecoder.java:155) ~[java.net.http:na]
	at java.net.http/jdk.internal.net.http.Http2Connection$FramesController.processReceivedData(Http2Connection.java:310) ~[java.net.http:na]
	at java.net.http/jdk.internal.net.http.Http2Connection.asyncReceive(Http2Connection.java:859) ~[java.net.http:na]
	at java.net.http/jdk.internal.net.http.Http2Connection$Http2TubeSubscriber.processQueue(Http2Connection.java:1756) ~[java.net.http:na]
	at java.net.http/jdk.internal.net.http.common.SequentialScheduler$LockingRestartableTask.run(SequentialScheduler.java:182) ~[java.net.http:na]
	at java.net.http/jdk.internal.net.http.common.SequentialScheduler$CompleteRestartableTask.run(SequentialScheduler.java:149) ~[java.net.http:na]
	at java.net.http/jdk.internal.net.http.common.SequentialScheduler$SchedulableTask.run(SequentialScheduler.java:207) ~[java.net.http:na]
	at java.base/java.util.concurrent.ThreadPoolExecutor.runWorker(ThreadPoolExecutor.java:1144) ~[na:na]
	at java.base/java.util.concurrent.ThreadPoolExecutor$Worker.run(ThreadPoolExecutor.java:642) ~[na:na]
	... 1 common frames omitted

2025-08-16T09:28:47.659+05:30  INFO 15616 --- [departments-service] [AsyncResolver-bootstrap-executor-%d] [                                                 ] c.n.d.s.r.aws.ConfigClusterResolver      : Resolving eureka endpoints via configuration
2025-08-16T09:30:34.270+05:30  INFO 15616 --- [departments-service] [RMI TCP Connection(48)-127.0.0.1] [                                                 ] inMXBeanRegistrar$SpringApplicationAdmin : Application shutdown requested.
2025-08-16T09:30:34.270+05:30  INFO 15616 --- [departments-service] [RMI TCP Connection(49)-127.0.0.1] [                                                 ] inMXBeanRegistrar$SpringApplicationAdmin : Application shutdown requested.
2025-08-16T09:30:34.326+05:30  INFO 15616 --- [departments-service] [RMI TCP Connection(48)-127.0.0.1] [                                                 ] o.s.c.n.e.s.EurekaServiceRegistry        : Unregistering application DEPARTMENTS-SERVICE with eureka with status DOWN
2025-08-16T09:30:34.328+05:30  INFO 15616 --- [departments-service] [RMI TCP Connection(48)-127.0.0.1] [                                                 ] com.netflix.discovery.DiscoveryClient    : Saw local status change event StatusChangeEvent [timestamp=1755316834328, current=DOWN, previous=UP]
2025-08-16T09:30:34.331+05:30  INFO 15616 --- [departments-service] [DiscoveryClient-InstanceInfoReplicator-%d] [                                                 ] com.netflix.discovery.DiscoveryClient    : DiscoveryClient_DEPARTMENTS-SERVICE/KNRROHIT:departments-service:8083: registering service...
2025-08-16T09:30:34.357+05:30  INFO 15616 --- [departments-service] [RMI TCP Connection(50)-127.0.0.1] [                                                 ] inMXBeanRegistrar$SpringApplicationAdmin : Application shutdown requested.
2025-08-16T09:30:34.393+05:30  INFO 15616 --- [departments-service] [DiscoveryClient-InstanceInfoReplicator-%d] [                                                 ] com.netflix.discovery.DiscoveryClient    : DiscoveryClient_DEPARTMENTS-SERVICE/KNRROHIT:departments-service:8083 - registration status: 204
2025-08-16T09:30:34.444+05:30  INFO 15616 --- [departments-service] [RMI TCP Connection(48)-127.0.0.1] [                                                 ] o.s.b.w.e.tomcat.GracefulShutdown        : Commencing graceful shutdown. Waiting for active requests to complete
2025-08-16T09:30:34.518+05:30  INFO 15616 --- [departments-service] [RMI TCP Connection(51)-127.0.0.1] [                                                 ] inMXBeanRegistrar$SpringApplicationAdmin : Application shutdown requested.
2025-08-16T09:30:34.524+05:30  INFO 15616 --- [departments-service] [tomcat-shutdown] [                                                 ] o.s.b.w.e.tomcat.GracefulShutdown        : Graceful shutdown aborted with one or more requests still active
2025-08-16T09:30:34.531+05:30  WARN 15616 --- [departments-service] [RMI TCP Connection(48)-127.0.0.1] [                                                 ] org.apache.tomcat.util.net.Acceptor      : Interrupt was received while waiting for the acceptor thread [http-nio-8083-Acceptor] to stop

java.lang.InterruptedException: null
	at java.base/java.util.concurrent.locks.AbstractQueuedSynchronizer.tryAcquireSharedNanos(AbstractQueuedSynchronizer.java:1133) ~[na:na]
	at java.base/java.util.concurrent.CountDownLatch.await(CountDownLatch.java:276) ~[na:na]
	at org.apache.tomcat.util.net.Acceptor.stopMillis(Acceptor.java:184) ~[tomcat-embed-core-10.1.43.jar:10.1.43]
	at org.apache.tomcat.util.net.NioEndpoint.stopInternal(NioEndpoint.java:328) ~[tomcat-embed-core-10.1.43.jar:10.1.43]
	at org.apache.tomcat.util.net.AbstractEndpoint.stop(AbstractEndpoint.java:1522) ~[tomcat-embed-core-10.1.43.jar:10.1.43]
	at org.apache.coyote.AbstractProtocol.stop(AbstractProtocol.java:721) ~[tomcat-embed-core-10.1.43.jar:10.1.43]
	at org.apache.catalina.connector.Connector.stopInternal(Connector.java:1123) ~[tomcat-embed-core-10.1.43.jar:10.1.43]
	at org.apache.catalina.util.LifecycleBase.stop(LifecycleBase.java:235) ~[tomcat-embed-core-10.1.43.jar:10.1.43]
	at org.apache.catalina.core.StandardService.removeConnector(StandardService.java:299) ~[tomcat-embed-core-10.1.43.jar:10.1.43]
	at org.springframework.boot.web.embedded.tomcat.TomcatWebServer.lambda$removeServiceConnectors$1(TomcatWebServer.java:173) ~[spring-boot-3.5.4.jar:3.5.4]
	at org.springframework.boot.web.embedded.tomcat.TomcatWebServer.doWithConnectors(TomcatWebServer.java:192) ~[spring-boot-3.5.4.jar:3.5.4]
	at org.springframework.boot.web.embedded.tomcat.TomcatWebServer.removeServiceConnectors(TomcatWebServer.java:170) ~[spring-boot-3.5.4.jar:3.5.4]
	at org.springframework.boot.web.embedded.tomcat.TomcatWebServer.stop(TomcatWebServer.java:358) ~[spring-boot-3.5.4.jar:3.5.4]
	at org.springframework.boot.web.servlet.context.WebServerStartStopLifecycle.stop(WebServerStartStopLifecycle.java:53) ~[spring-boot-3.5.4.jar:3.5.4]
	at org.springframework.context.SmartLifecycle.stop(SmartLifecycle.java:120) ~[spring-context-6.2.9.jar:6.2.9]
	at org.springframework.context.support.DefaultLifecycleProcessor.doStop(DefaultLifecycleProcessor.java:463) ~[spring-context-6.2.9.jar:6.2.9]
	at org.springframework.context.support.DefaultLifecycleProcessor$LifecycleGroup.stop(DefaultLifecycleProcessor.java:618) ~[spring-context-6.2.9.jar:6.2.9]
	at java.base/java.lang.Iterable.forEach(Iterable.java:75) ~[na:na]
	at org.springframework.context.support.DefaultLifecycleProcessor.stopBeans(DefaultLifecycleProcessor.java:432) ~[spring-context-6.2.9.jar:6.2.9]
	at org.springframework.context.support.DefaultLifecycleProcessor.onClose(DefaultLifecycleProcessor.java:323) ~[spring-context-6.2.9.jar:6.2.9]
	at org.springframework.context.support.AbstractApplicationContext.doClose(AbstractApplicationContext.java:1172) ~[spring-context-6.2.9.jar:6.2.9]
	at org.springframework.boot.web.servlet.context.ServletWebServerApplicationContext.doClose(ServletWebServerApplicationContext.java:179) ~[spring-boot-3.5.4.jar:3.5.4]
	at org.springframework.context.support.AbstractApplicationContext.close(AbstractApplicationContext.java:1126) ~[spring-context-6.2.9.jar:6.2.9]
	at org.springframework.boot.admin.SpringApplicationAdminMXBeanRegistrar$SpringApplicationAdmin.shutdown(SpringApplicationAdminMXBeanRegistrar.java:160) ~[spring-boot-3.5.4.jar:3.5.4]
	at java.base/jdk.internal.reflect.DirectMethodHandleAccessor.invoke(DirectMethodHandleAccessor.java:103) ~[na:na]
	at java.base/java.lang.reflect.Method.invoke(Method.java:580) ~[na:na]
	at sun.reflect.misc.Trampoline.invoke(MethodUtil.java:64) ~[na:na]
	at java.base/jdk.internal.reflect.DirectMethodHandleAccessor.invoke(DirectMethodHandleAccessor.java:103) ~[na:na]
	at java.base/java.lang.reflect.Method.invoke(Method.java:580) ~[na:na]
	at java.base/sun.reflect.misc.MethodUtil.invoke(MethodUtil.java:97) ~[na:na]
	at java.management/com.sun.jmx.mbeanserver.ConvertingMethod.invokeWithOpenReturn(ConvertingMethod.java:193) ~[na:na]
	at java.management/com.sun.jmx.mbeanserver.ConvertingMethod.invokeWithOpenReturn(ConvertingMethod.java:175) ~[na:na]
	at java.management/com.sun.jmx.mbeanserver.MXBeanIntrospector.invokeM2(MXBeanIntrospector.java:115) ~[na:na]
	at java.management/com.sun.jmx.mbeanserver.MXBeanIntrospector.invokeM2(MXBeanIntrospector.java:52) ~[na:na]
	at java.management/com.sun.jmx.mbeanserver.MBeanIntrospector.invokeM(MBeanIntrospector.java:236) ~[na:na]
	at java.management/com.sun.jmx.mbeanserver.PerInterface.invoke(PerInterface.java:138) ~[na:na]
	at java.management/com.sun.jmx.mbeanserver.MBeanSupport.invoke(MBeanSupport.java:252) ~[na:na]
	at java.management/com.sun.jmx.interceptor.DefaultMBeanServerInterceptor.invoke(DefaultMBeanServerInterceptor.java:803) ~[na:na]
	at java.management/com.sun.jmx.mbeanserver.JmxMBeanServer.invoke(JmxMBeanServer.java:802) ~[na:na]
	at java.management.rmi/javax.management.remote.rmi.RMIConnectionImpl.doOperation(RMIConnectionImpl.java:1472) ~[na:na]
	at java.management.rmi/javax.management.remote.rmi.RMIConnectionImpl$PrivilegedOperation.run(RMIConnectionImpl.java:1310) ~[na:na]
	at java.management.rmi/javax.management.remote.rmi.RMIConnectionImpl.doPrivilegedOperation(RMIConnectionImpl.java:1405) ~[na:na]
	at java.management.rmi/javax.management.remote.rmi.RMIConnectionImpl.invoke(RMIConnectionImpl.java:829) ~[na:na]
	at java.base/jdk.internal.reflect.DirectMethodHandleAccessor.invoke(DirectMethodHandleAccessor.java:103) ~[na:na]
	at java.base/java.lang.reflect.Method.invoke(Method.java:580) ~[na:na]
	at java.rmi/sun.rmi.server.UnicastServerRef.dispatch(UnicastServerRef.java:360) ~[na:na]
	at java.rmi/sun.rmi.transport.Transport$1.run(Transport.java:200) ~[na:na]
	at java.rmi/sun.rmi.transport.Transport$1.run(Transport.java:197) ~[na:na]
	at java.base/java.security.AccessController.doPrivileged(AccessController.java:714) ~[na:na]
	at java.rmi/sun.rmi.transport.Transport.serviceCall(Transport.java:196) ~[na:na]
	at java.rmi/sun.rmi.transport.tcp.TCPTransport.handleMessages(TCPTransport.java:598) ~[na:na]
	at java.rmi/sun.rmi.transport.tcp.TCPTransport$ConnectionHandler.run0(TCPTransport.java:844) ~[na:na]
	at java.rmi/sun.rmi.transport.tcp.TCPTransport$ConnectionHandler.lambda$run$0(TCPTransport.java:721) ~[na:na]
	at java.base/java.security.AccessController.doPrivileged(AccessController.java:400) ~[na:na]
	at java.rmi/sun.rmi.transport.tcp.TCPTransport$ConnectionHandler.run(TCPTransport.java:720) ~[na:na]
	at java.base/java.util.concurrent.ThreadPoolExecutor.runWorker(ThreadPoolExecutor.java:1144) ~[na:na]
	at java.base/java.util.concurrent.ThreadPoolExecutor$Worker.run(ThreadPoolExecutor.java:642) ~[na:na]
	at java.base/java.lang.Thread.run(Thread.java:1583) ~[na:na]

2025-08-16T09:30:34.620+05:30  INFO 15616 --- [departments-service] [RMI TCP Connection(48)-127.0.0.1] [                                                 ] j.LocalContainerEntityManagerFactoryBean : Closing JPA EntityManagerFactory for persistence unit 'default'
2025-08-16T09:30:34.660+05:30  INFO 15616 --- [departments-service] [RMI TCP Connection(48)-127.0.0.1] [                                                 ] com.zaxxer.hikari.HikariDataSource       : HikariPool-1 - Shutdown initiated...
2025-08-16T09:30:34.682+05:30  INFO 15616 --- [departments-service] [RMI TCP Connection(48)-127.0.0.1] [                                                 ] com.zaxxer.hikari.HikariDataSource       : HikariPool-1 - Shutdown completed.
